<?xml version="1.0" encoding="UTF-8"?>
<testng-results ignored="2" total="3" passed="1" failed="0" skipped="0">
  <reporter-output>
  </reporter-output>
  <suite started-at="2025-08-23T21:23:48 IST" name="Default suite" finished-at="2025-08-23T21:23:51 IST" duration-ms="2774">
    <groups>
    </groups>
    <test started-at="2025-08-23T21:23:48 IST" name="Default test" finished-at="2025-08-23T21:23:51 IST" duration-ms="2774">
      <class name="restfulBooker.BookerRestfulAPIs">
        <test-method signature="GetBookingIdByName()[pri:0, instance:restfulBooker.BookerRestfulAPIs@41d477ed]" started-at="2025-08-23T21:23:48 IST" name="GetBookingIdByName" finished-at="2025-08-23T21:23:51 IST" duration-ms="2732" status="PASS">
          <reporter-output>
          </reporter-output>
        </test-method> <!-- GetBookingIdByName -->
      </class> <!-- restfulBooker.BookerRestfulAPIs -->
    </test> <!-- Default test -->
  </suite> <!-- Default suite -->
</testng-results>
