<?xml version="1.0" encoding="UTF-8"?>
<testng-results ignored="0" total="1" passed="1" failed="0" skipped="0">
  <reporter-output>
  </reporter-output>
  <suite started-at="2025-08-22T19:08:03 IST" name="Default suite" finished-at="2025-08-22T19:08:05 IST" duration-ms="2177">
    <groups>
    </groups>
    <test started-at="2025-08-22T19:08:03 IST" name="Default test" finished-at="2025-08-22T19:08:05 IST" duration-ms="2177">
      <class name="Day1.HTTPRequests">
        <test-method signature="createUser()[pri:0, instance:Day1.HTTPRequests@65fb9ffc]" started-at="2025-08-22T19:08:03 IST" name="createUser" finished-at="2025-08-22T19:08:05 IST" duration-ms="2140" status="PASS">
          <reporter-output>
          </reporter-output>
        </test-method> <!-- createUser -->
      </class> <!-- Day1.HTTPRequests -->
    </test> <!-- Default test -->
  </suite> <!-- Default suite -->
</testng-results>
