<?xml version="1.0" encoding="UTF-8"?>
<!-- Generated by org.testng.reporters.JUnitXMLReporter -->
<testsuite ignored="4" hostname="LAPTOP-3VNJ0AM7" failures="0" tests="1" name="Default test" time="2.378" errors="0" timestamp="2025-08-23T21:01:30 IST">
  <testcase classname="Day1.HTTPRequests" name="getUsers" time="2.333"/>
  <testcase classname="Day1.HTTPRequests" name="createUser" time="0.0">
    <ignored/>
  </testcase> <!-- createUser -->
  <testcase classname="Day1.HTTPRequests" name="deleteUserById" time="0.0">
    <ignored/>
  </testcase> <!-- deleteUserById -->
  <testcase classname="Day1.HTTPRequests" name="getUserById" time="0.0">
    <ignored/>
  </testcase> <!-- getUserById -->
  <testcase classname="Day1.HTTPRequests" name="updateUserById" time="0.0">
    <ignored/>
  </testcase> <!-- updateUserById -->
</testsuite> <!-- Default test -->
