<?xml version="1.0" encoding="UTF-8"?>
<!-- Generated by org.testng.reporters.JUnitXMLReporter -->
<testsuite ignored="2" hostname="LAPTOP-3VNJ0AM7" failures="0" tests="1" name="Default test" time="2.774" errors="0" timestamp="2025-08-23T21:23:51 IST">
  <testcase classname="restfulBooker.BookerRestfulAPIs" name="GetBookingIdByName" time="2.732"/>
  <testcase classname="restfulBooker.BookerRestfulAPIs" name="GetBookingIds" time="0.0">
    <ignored/>
  </testcase> <!-- GetBookingIds -->
  <testcase classname="restfulBooker.BookerRestfulAPIs" name="CreateToken" time="0.0">
    <ignored/>
  </testcase> <!-- CreateToken -->
</testsuite> <!-- Default test -->
